<?xml version="1.0" encoding="UTF-8"?>
<!-- Generated by org.testng.reporters.JUnitReportReporter -->
<testsuite hostname="DESKTOP-4VC4PCR" failures="0" tests="4" name="test.SignInPage1Test" time="19.529" errors="0" timestamp="2023-11-10T19:32:12 EET" skipped="0">
  <testcase classname="test.SignInPage1Test" name="closeNewsLetterPopup" time="0.134"/>
  <system-out/>
  <testcase classname="test.SignInPage1Test" name="accountSigninBtn" time="7.588"/>
  <system-out/>
  <testcase classname="test.SignInPage1Test" name="SignInUsingEmail" time="7.904"/>
  <system-out/>
  <testcase classname="test.SignInPage1Test" name="SignInPasswordField" time="3.903"/>
  <system-out/>
</testsuite> <!-- test.SignInPage1Test -->
