<?xml version="1.0" encoding="UTF-8"?>
<!-- Generated by org.testng.reporters.JUnitReportReporter -->
<testsuite hostname="DESKTOP-4VC4PCR" failures="0" tests="10" name="test.SignInTest" time="54.930" errors="0" timestamp="2023-11-23T15:03:27 EET" skipped="0">
  <testcase classname="test.SignInTest" name="closeNewsLetterPopup" time="0.190"/>
  <system-out/>
  <testcase classname="test.SignInTest" name="accountSigninBtn" time="6.993"/>
  <system-out/>
  <testcase classname="test.SignInTest" name="SignInUsingInvalidEmail1" time="3.379"/>
  <system-out/>
  <testcase classname="test.SignInTest" name="SignInUsingInvalidEmail3" time="4.112"/>
  <system-out/>
  <testcase classname="test.SignInTest" name="SignInUsingInvalidEmail2" time="3.962"/>
  <system-out/>
  <testcase classname="test.SignInTest" name="SignInUsingInvalidEmail4" time="3.316"/>
  <system-out/>
  <testcase classname="test.SignInTest" name="SignInUsingValidEmail" time="8.731"/>
  <system-out/>
  <testcase classname="test.SignInTest" name="SignInUsingInvalidPassword1" time="7.195"/>
  <system-out/>
  <testcase classname="test.SignInTest" name="SignInUsingInvalidPassword2" time="7.227"/>
  <system-out/>
  <testcase classname="test.SignInTest" name="SignInValidPasswordField" time="9.825"/>
  <system-out/>
</testsuite> <!-- test.SignInTest -->
