<?xml version="1.0" encoding="UTF-8"?>
<!-- Generated by org.testng.reporters.JUnitReportReporter -->
<testsuite hostname="DESKTOP-4VC4PCR" failures="0" tests="11" name="test.CartTest" time="102.057" errors="0" timestamp="2023-11-23T15:03:27 EET" skipped="0">
  <testcase classname="test.CartTest" name="closeNewsLetterPopup" time="2.210"/>
  <system-out/>
  <testcase classname="test.CartTest" name="ClickOnEmptyCart" time="7.442"/>
  <system-out/>
  <testcase classname="test.CartTest" name="addItemToCart" time="16.526"/>
  <system-out/>
  <testcase classname="test.CartTest" name="increaseItemQuantityFromSingleProductPage" time="3.163"/>
  <system-out/>
  <testcase classname="test.CartTest" name="decreaseItemQuantityFromSingleProductPage" time="5.110"/>
  <system-out/>
  <testcase classname="test.CartTest" name="addAnotherItemToCart" time="29.420"/>
  <system-out/>
  <testcase classname="test.CartTest" name="openCartPage" time="8.664"/>
  <system-out/>
  <testcase classname="test.CartTest" name="increaseItemQuantityFromCartPage" time="6.290"/>
  <system-out/>
  <testcase classname="test.CartTest" name="decreaseItemQuantityFromCartPage" time="8.739"/>
  <system-out/>
  <testcase classname="test.CartTest" name="removeItemFromCart" time="6.887"/>
  <system-out/>
  <testcase classname="test.CartTest" name="checkout" time="7.606"/>
  <system-out/>
</testsuite> <!-- test.CartTest -->
