<?xml version="1.0" encoding="UTF-8"?>
<!-- Generated by org.testng.reporters.JUnitReportReporter -->
<testsuite hostname="DESKTOP-4VC4PCR" failures="0" tests="5" name="test.SignOutTest" time="19.652" errors="0" timestamp="2023-11-23T15:03:27 EET" skipped="0">
  <testcase classname="test.SignOutTest" name="closeNewsLetterPopup" time="0.100"/>
  <system-out/>
  <testcase classname="test.SignOutTest" name="accountSigninBtn" time="6.989"/>
  <system-out/>
  <testcase classname="test.SignOutTest" name="SignInUsingEmail" time="4.169"/>
  <system-out/>
  <testcase classname="test.SignOutTest" name="SignInPasswordField" time="3.934"/>
  <system-out/>
  <testcase classname="test.SignOutTest" name="signOutTest" time="4.460"/>
  <system-out/>
</testsuite> <!-- test.SignOutTest -->
