<?xml version="1.0" encoding="UTF-8"?>
<!-- Generated by org.testng.reporters.JUnitReportReporter -->
<testsuite hostname="DESKTOP-4VC4PCR" failures="0" tests="2" name="test.SearchForProduct" time="10.551" errors="0" timestamp="2023-11-30T00:27:55 EET" skipped="0">
  <testcase classname="test.SearchForProduct" name="closeNewsLetterPopup" time="2.208"/>
  <system-out/>
  <testcase classname="test.SearchForProduct" name="searchForProduct" time="8.343"/>
  <system-out/>
</testsuite> <!-- test.SearchForProduct -->
