<?xml version="1.0" encoding="UTF-8"?>
<!-- Generated by org.testng.reporters.JUnitReportReporter -->
<testsuite hostname="DESKTOP-4VC4PCR" failures="0" tests="6" name="test.SavedItemsTest" time="92.126" errors="0" timestamp="2023-11-23T15:03:27 EET" skipped="0">
  <testcase classname="test.SavedItemsTest" name="signIn" time="17.095"/>
  <system-out/>
  <testcase classname="test.SavedItemsTest" name="saveItem" time="19.473"/>
  <system-out/>
  <testcase classname="test.SavedItemsTest" name="saveAnotherItem" time="22.420"/>
  <system-out/>
  <testcase classname="test.SavedItemsTest" name="openSavedItems" time="11.823"/>
  <system-out/>
  <testcase classname="test.SavedItemsTest" name="removeSavedItem" time="5.125"/>
  <system-out/>
  <testcase classname="test.SavedItemsTest" name="addSavedItemToCart" time="16.190"/>
  <system-out/>
</testsuite> <!-- test.SavedItemsTest -->
